<?xml version="1.0" encoding="UTF-8"?>
<!-- Generated by org.testng.reporters.JUnitXMLReporter -->
<testsuite hostname="LAPTOP-VHSAH8S1" ignored="1" tests="0" failures="0" timestamp="2022-09-15T17:41:55 IST" time="0.216" errors="0">
  <testcase name="leadtest" time="0.0" classname="com.crm.vtiger.Testcases.Lead">
    <ignored/>
  </testcase> <!-- leadtest -->
</testsuite>
