<?xml version="1.0" encoding="UTF-8"?>
<!-- Generated by org.testng.reporters.JUnitXMLReporter -->
<testsuite hostname="LAPTOP-VHSAH8S1" ignored="0" name="Test-Runner-1" tests="1" failures="0" timestamp="2022-09-16T10:00:13 IST" time="22.088" errors="0">
  <testcase name="createorg" time="13.052" classname="com.crm.vtiger.Testcases.CreateOragnisationTest"/>
</testsuite> <!-- Test-Runner-1 -->
