<?xml version="1.0" encoding="UTF-8"?>
<!-- Generated by org.testng.reporters.JUnitXMLReporter -->
<testsuite ignored="1" hostname="LAPTOP-VHSAH8S1" failures="0" tests="1" name="Test-runner2" time="29.758" errors="0" timestamp="2022-09-02T15:19:29 IST">
  <testcase classname="com.crm.vtiger.Testcases.Lead" name="leadinvalid" time="20.649"/>
  <testcase classname="com.crm.vtiger.Testcases.Lead" name="leadtest" time="0.0">
    <ignored/>
  </testcase> <!-- leadtest -->
</testsuite> <!-- Test-runner2 -->
