<?xml version="1.0" encoding="UTF-8"?>
<!-- Generated by org.testng.reporters.JUnitXMLReporter -->
<testsuite hostname="LAPTOP-VHSAH8S1" ignored="0" name="Test-Runner-2" tests="1" failures="0" timestamp="2022-09-16T10:00:34 IST" time="20.681" errors="0">
  <testcase name="createorgindustry" time="12.95" classname="com.crm.vtiger.Testcases.CreateorgnamewithIndustryTest"/>
</testsuite> <!-- Test-Runner-2 -->
