<?xml version="1.0" encoding="UTF-8"?>
<!-- Generated by org.testng.reporters.JUnitXMLReporter -->
<testsuite ignored="1" hostname="LAPTOP-VHSAH8S1" failures="0" tests="1" name="Test-runner1" time="26.455" errors="0" timestamp="2022-09-02T15:19:26 IST">
  <testcase classname="com.crm.vtiger.Testcases.Lead" name="leadtest" time="17.281"/>
  <testcase classname="com.crm.vtiger.Testcases.Lead" name="leadinvalid" time="0.0">
    <ignored/>
  </testcase> <!-- leadinvalid -->
</testsuite> <!-- Test-runner1 -->
