<?xml version="1.0" encoding="UTF-8"?>
<!-- Generated by org.testng.reporters.JUnitXMLReporter -->
<testsuite hostname="LAPTOP-VHSAH8S1" ignored="0" name="Test-runner1" tests="1" failures="0" timestamp="2022-09-19T16:53:07 IST" time="29.894" errors="0">
  <testcase name="createorg" time="16.837" classname="com.crm.vtiger.Testcases.CreateOragnisationTest"/>
</testsuite> <!-- Test-runner1 -->
