<?xml version="1.0" encoding="UTF-8"?>
<!-- Generated by org.testng.reporters.JUnitXMLReporter -->
<testsuite hostname="LAPTOP-VHSAH8S1" ignored="0" name="Test-runner2" tests="1" failures="0" timestamp="2022-09-19T16:53:07 IST" time="30.156" errors="0">
  <testcase name="createorgindustry" time="17.585" classname="com.crm.vtiger.Testcases.CreateorgnamewithIndustryTest"/>
</testsuite> <!-- Test-runner2 -->
