<?xml version="1.0" encoding="UTF-8"?>
<!-- Generated by org.testng.reporters.JUnitReportReporter -->
<testsuite hostname="LAPTOP-VHSAH8S1" failures="0" tests="1" name="Exrpt" time="4.093" errors="0" timestamp="2022-09-06T16:49:30 IST" skipped="0">
  <testcase classname="Exrpt" name="generatereport" time="4.093"/>
  <system-out/>
</testsuite> <!-- Exrpt -->
