<?xml version="1.0" encoding="UTF-8"?>
<!-- Generated by org.testng.reporters.JUnitReportReporter -->
<testsuite hostname="LAPTOP-VHSAH8S1" failures="0" tests="1" name="DataDriven.ReadProperties" time="0.007" errors="0" timestamp="2022-08-04T16:07:29 IST" skipped="0">
  <testcase classname="DataDriven.ReadProperties" name="reading" time="0.007"/>
  <system-out/>
</testsuite> <!-- DataDriven.ReadProperties -->
