<?xml version="1.0" encoding="UTF-8"?>
<!-- Generated by org.testng.reporters.JUnitReportReporter -->
<testsuite hostname="LAPTOP-VHSAH8S1" failures="0" tests="1" name="DataDriven.Readcommondata" time="0.006" errors="0" timestamp="2022-08-07T12:00:46 IST" skipped="0">
  <testcase classname="DataDriven.Readcommondata" name="reading" time="0.006"/>
  <system-out/>
</testsuite> <!-- DataDriven.Readcommondata -->
