<?xml version="1.0" encoding="UTF-8"?>
<!-- Generated by org.testng.reporters.JUnitReportReporter -->
<testsuite hostname="LAPTOP-VHSAH8S1" failures="0" tests="1" name="com.crm.vtiger.Testcases.Createcontactwithorg" time="16.784" errors="0" timestamp="2022-08-20T13:35:04 IST" skipped="0">
  <testcase classname="com.crm.vtiger.Testcases.Createcontactwithorg" name="createcontact" time="16.784"/>
  <system-out/>
</testsuite> <!-- com.crm.vtiger.Testcases.Createcontactwithorg -->
