<?xml version="1.0" encoding="UTF-8"?>
<!-- Generated by org.testng.reporters.JUnitReportReporter -->
<testsuite skipped="0" hostname="LAPTOP-VHSAH8S1" name="Testyantra.PracticeWait" tests="1" failures="0" timestamp="2022-10-02T12:42:31 IST" time="11.831" errors="0">
  <testcase name="practiceTest" time="11.831" classname="Testyantra.PracticeWait"/>
  <system-out/>
</testsuite> <!-- Testyantra.PracticeWait -->
