<?xml version="1.0" encoding="UTF-8"?>
<!-- Generated by org.testng.reporters.JUnitReportReporter -->
<testsuite hostname="LAPTOP-VHSAH8S1" failures="0" tests="1" name="com.crm.vtiger.Testcases.Testcase1" time="25.741" errors="0" timestamp="2022-08-17T18:01:22 IST" skipped="0">
  <testcase classname="com.crm.vtiger.Testcases.Testcase1" name="view" time="25.741"/>
  <system-out/>
</testsuite> <!-- com.crm.vtiger.Testcases.Testcase1 -->
