<?xml version="1.0" encoding="UTF-8"?>
<!-- Generated by org.testng.reporters.JUnitReportReporter -->
<testsuite hostname="LAPTOP-VHSAH8S1" failures="0" tests="1" name="com.crm.vtiger.Testcases.Testcase2" time="13.882" errors="0" timestamp="2022-08-17T19:51:56 IST" skipped="0">
  <testcase classname="com.crm.vtiger.Testcases.Testcase2" name="display" time="13.882"/>
  <system-out/>
</testsuite> <!-- com.crm.vtiger.Testcases.Testcase2 -->
