<?xml version="1.0" encoding="UTF-8"?>
<!-- Generated by org.testng.reporters.JUnitReportReporter -->
<testsuite skipped="0" hostname="LAPTOP-VHSAH8S1" name="com.crm.vtiger.Testcases.practice2" tests="1" failures="0" timestamp="2022-09-08T15:26:52 IST" time="15.891" errors="0">
  <testcase name="pract" time="15.891" classname="com.crm.vtiger.Testcases.practice2"/>
  <system-out/>
</testsuite> <!-- com.crm.vtiger.Testcases.practice2 -->
