<?xml version="1.0" encoding="UTF-8"?>
<!-- Generated by org.testng.reporters.JUnitReportReporter -->
<testsuite skipped="0" hostname="LAPTOP-VHSAH8S1" name="jdbc.StorinfDatainjdbcTest" tests="1" failures="0" timestamp="2022-09-17T17:36:31 IST" time="0.183" errors="0">
  <testcase name="storingdata" time="0.183" classname="jdbc.StorinfDatainjdbcTest"/>
  <system-out/>
</testsuite> <!-- jdbc.StorinfDatainjdbcTest -->
