<?xml version="1.0" encoding="UTF-8"?>
<!-- Generated by org.testng.reporters.JUnitReportReporter -->
<testsuite hostname="LAPTOP-VHSAH8S1" failures="0" tests="1" name="DataDriven.commonDatafromxml" time="0.007" errors="0" timestamp="2022-08-07T12:17:07 IST" skipped="0">
  <testcase classname="DataDriven.commonDatafromxml" name="readingfronxml" time="0.007"/>
  <system-out/>
</testsuite> <!-- DataDriven.commonDatafromxml -->
