<?xml version="1.0" encoding="UTF-8"?>
<!-- Generated by org.testng.reporters.JUnitReportReporter -->
<testsuite hostname="LAPTOP-VHSAH8S1" failures="0" tests="1" name="com.crm.vtiger.Testcases.createorg" time="21.577" errors="0" timestamp="2022-09-04T21:48:39 IST" skipped="0">
  <testcase classname="com.crm.vtiger.Testcases.createorg" name="createorg" time="21.577"/>
  <system-out/>
</testsuite> <!-- com.crm.vtiger.Testcases.createorg -->
