<?xml version="1.0" encoding="UTF-8"?>
<!-- Generated by org.testng.reporters.JUnitReportReporter -->
<testsuite hostname="LAPTOP-VHSAH8S1" failures="0" tests="1" name="DataDriven.ReadfromCMDTest" time="0.007" errors="0" timestamp="2022-08-05T17:00:54 IST" skipped="0">
  <testcase classname="DataDriven.ReadfromCMDTest" name="readfromcmdprompTest" time="0.007"/>
  <system-out/>
</testsuite> <!-- DataDriven.ReadfromCMDTest -->
