<?xml version="1.0" encoding="UTF-8"?>
<!-- Generated by org.testng.reporters.JUnitReportReporter -->
<testsuite hostname="LAPTOP-VHSAH8S1" failures="0" tests="1" name="pavansir.InvisibleDropdown" time="31.263" errors="0" timestamp="2022-09-06T12:17:21 IST" skipped="0">
  <testcase classname="pavansir.InvisibleDropdown" name="notvisibletext" time="31.263"/>
  <system-out/>
</testsuite> <!-- pavansir.InvisibleDropdown -->
