<?xml version="1.0" encoding="UTF-8"?>
<!-- Generated by org.testng.reporters.JUnitReportReporter -->
<testsuite skipped="0" hostname="LAPTOP-VHSAH8S1" name="com.crm.vtiger.Testcases.Porandwithindustry" tests="2" failures="0" timestamp="2022-09-16T10:20:16 IST" time="37.690" errors="0">
  <testcase name="createorg" time="19.594" classname="com.crm.vtiger.Testcases.Porandwithindustry"/>
  <system-out/>
  <testcase name="createorgindustry" time="18.096" classname="com.crm.vtiger.Testcases.Porandwithindustry"/>
  <system-out/>
</testsuite> <!-- com.crm.vtiger.Testcases.Porandwithindustry -->
