<?xml version="1.0" encoding="UTF-8"?>
<!-- Generated by org.testng.reporters.JUnitReportReporter -->
<testsuite skipped="0" hostname="LAPTOP-VHSAH8S1" name="pavansir.ToolTIP" tests="1" failures="0" timestamp="2022-09-17T22:14:58 IST" time="147.612" errors="0">
  <testcase name="tooltiptest" time="147.612" classname="pavansir.ToolTIP"/>
  <system-out/>
</testsuite> <!-- pavansir.ToolTIP -->
