<?xml version="1.0" encoding="UTF-8"?>
<!-- Generated by org.testng.reporters.JUnitReportReporter -->
<testsuite hostname="LAPTOP-VHSAH8S1" failures="0" tests="1" name="pavansir.ToolTIP" time="13.226" errors="0" timestamp="2022-09-06T11:53:25 IST" skipped="0">
  <testcase classname="pavansir.ToolTIP" name="tooltiptest" time="13.226"/>
  <system-out/>
</testsuite> <!-- pavansir.ToolTIP -->
