<?xml version="1.0" encoding="UTF-8"?>
<!-- Generated by org.testng.reporters.JUnitReportReporter -->
<testsuite skipped="0" hostname="LAPTOP-VHSAH8S1" name="com.crm.vtiger.Testcases.CreateContactwithorgTest" tests="1" failures="0" timestamp="2022-09-15T20:31:27 IST" time="20.742" errors="0">
  <testcase name="createcontact" time="20.742" classname="com.crm.vtiger.Testcases.CreateContactwithorgTest"/>
  <system-out/>
</testsuite> <!-- com.crm.vtiger.Testcases.CreateContactwithorgTest -->
