<?xml version="1.0" encoding="UTF-8"?>
<!-- Generated by org.testng.reporters.JUnitReportReporter -->
<testsuite hostname="LAPTOP-VHSAH8S1" failures="0" tests="1" name="com.crm.vtiger.Testcases.LeadTestcase2" time="20.812" errors="0" timestamp="2022-08-24T20:48:41 IST" skipped="0">
  <testcase classname="com.crm.vtiger.Testcases.LeadTestcase2" name="leadinvalid" time="20.812"/>
  <system-out/>
</testsuite> <!-- com.crm.vtiger.Testcases.LeadTestcase2 -->
