<?xml version="1.0" encoding="UTF-8"?>
<!-- Generated by org.testng.reporters.JUnitReportReporter -->
<testsuite hostname="LAPTOP-VHSAH8S1" failures="0" tests="1" name="com.crm.vtiger.Testcases.LeadsameTestCase3" time="15.433" errors="0" timestamp="2022-08-31T22:58:37 IST" skipped="0">
  <testcase classname="com.crm.vtiger.Testcases.LeadsameTestCase3" name="invalidtest" time="15.433"/>
  <system-out/>
</testsuite> <!-- com.crm.vtiger.Testcases.LeadsameTestCase3 -->
