<?xml version="1.0" encoding="UTF-8"?>
<!-- Generated by org.testng.reporters.JUnitReportReporter -->
<testsuite hostname="LAPTOP-VHSAH8S1" failures="0" tests="1" name="com.crm.vtiger.Testcases.CreateorgnamewithIndustryTest" time="21.444" errors="0" timestamp="2022-09-04T21:36:55 IST" skipped="0">
  <testcase classname="com.crm.vtiger.Testcases.CreateorgnamewithIndustryTest" name="createorgindustry" time="21.444"/>
  <system-out/>
</testsuite> <!-- com.crm.vtiger.Testcases.CreateorgnamewithIndustryTest -->
