<?xml version="1.0" encoding="UTF-8"?>
<!-- Generated by org.testng.reporters.JUnitReportReporter -->
<testsuite hostname="LAPTOP-VHSAH8S1" failures="0" tests="1" name="DataDriven.ReadDataFromxml" time="0.007" errors="0" timestamp="2022-08-04T16:36:34 IST" skipped="0">
  <testcase classname="DataDriven.ReadDataFromxml" name="readdatafromxml" time="0.007"/>
  <system-out/>
</testsuite> <!-- DataDriven.ReadDataFromxml -->
