<?xml version="1.0" encoding="UTF-8"?>
<!-- Generated by org.testng.reporters.JUnitReportReporter -->
<testsuite hostname="LAPTOP-VHSAH8S1" failures="0" tests="1" name="jdbc.ReadDataFormDataBaseTest" time="0.193" errors="0" timestamp="2022-08-16T15:29:34 IST" skipped="0">
  <testcase classname="jdbc.ReadDataFormDataBaseTest" name="readDataFromDB" time="0.193"/>
  <system-out/>
</testsuite> <!-- jdbc.ReadDataFormDataBaseTest -->
