<?xml version="1.0" encoding="UTF-8"?>
<!-- Generated by org.testng.reporters.JUnitReportReporter -->
<testsuite hostname="LAPTOP-VHSAH8S1" failures="0" tests="1" name="jdbc.ToolTIP" time="10.608" errors="0" timestamp="2022-08-28T13:29:22 IST" skipped="0">
  <testcase classname="jdbc.ToolTIP" name="tooltiptest" time="10.608"/>
  <system-out/>
</testsuite> <!-- jdbc.ToolTIP -->
