<?xml version="1.0" encoding="UTF-8"?>
<!-- Generated by org.testng.reporters.JUnitReportReporter -->
<testsuite hostname="LAPTOP-VHSAH8S1" failures="0" tests="2" name="com.crm.vtiger.Testcases.Demo1" time="0.005" errors="0" timestamp="2022-08-30T17:26:52 IST" skipped="0">
  <testcase classname="com.crm.vtiger.Testcases.Demo1" name="orgTest" time="0.004"/>
  <system-out/>
  <testcase classname="com.crm.vtiger.Testcases.Demo1" name="industryTest" time="0.001"/>
  <system-out/>
</testsuite> <!-- com.crm.vtiger.Testcases.Demo1 -->
