<?xml version="1.0" encoding="UTF-8"?>
<!-- Generated by org.testng.reporters.JUnitReportReporter -->
<testsuite skipped="0" hostname="LAPTOP-VHSAH8S1" name="pavansir.Practice" tests="1" failures="0" timestamp="2022-10-13T12:43:10 IST" time="4.844" errors="0">
  <testcase name="test" time="4.844" classname="pavansir.Practice"/>
  <system-out/>
</testsuite> <!-- pavansir.Practice -->
