<?xml version="1.0" encoding="UTF-8"?>
<!-- Generated by org.testng.reporters.JUnitReportReporter -->
<testsuite hostname="LAPTOP-VHSAH8S1" failures="0" tests="1" name="com.crm.vtiger.Testcases.Lead1" time="20.692" errors="0" timestamp="2022-08-24T20:15:14 IST" skipped="0">
  <testcase classname="com.crm.vtiger.Testcases.Lead1" name="leadtest" time="20.692"/>
  <system-out/>
</testsuite> <!-- com.crm.vtiger.Testcases.Lead1 -->
