<?xml version="1.0" encoding="UTF-8"?>
<!-- Generated by org.testng.reporters.JUnitReportReporter -->
<testsuite skipped="0" hostname="LAPTOP-VHSAH8S1" name="com.crm.vtiger.Testcases.CreateOragnisationTest" tests="1" failures="0" timestamp="2022-09-15T16:11:19 IST" time="19.596" errors="0">
  <testcase name="createorg" time="19.596" classname="com.crm.vtiger.Testcases.CreateOragnisationTest"/>
  <system-out/>
</testsuite> <!-- com.crm.vtiger.Testcases.CreateOragnisationTest -->
