<?xml version="1.0" encoding="UTF-8"?>
<!-- Generated by org.testng.reporters.JUnitReportReporter -->
<testsuite hostname="LAPTOP-VHSAH8S1" failures="0" tests="1" name="jdbc.Amazon" time="18.380" errors="0" timestamp="2022-08-28T12:12:35 IST" skipped="0">
  <testcase classname="jdbc.Amazon" name="amazontest" time="18.380"/>
  <system-out/>
</testsuite> <!-- jdbc.Amazon -->
