<?xml version="1.0" encoding="UTF-8"?>
<!-- Generated by org.testng.reporters.JUnitReportReporter -->
<testsuite hostname="LAPTOP-VHSAH8S1" failures="0" tests="1" name="StorinfDatainjdbc" time="0.169" errors="0" timestamp="2022-08-16T15:56:15 IST" skipped="0">
  <testcase classname="StorinfDatainjdbc" name="storingdata" time="0.169"/>
  <system-out/>
</testsuite> <!-- StorinfDatainjdbc -->
