<?xml version="1.0" encoding="UTF-8"?>
<!-- Generated by org.testng.reporters.JUnitReportReporter -->
<testsuite hostname="LAPTOP-VHSAH8S1" failures="0" tests="1" name="DataDriven.EXcelDATA" time="0.385" errors="0" timestamp="2022-08-07T13:27:42 IST" skipped="0">
  <testcase classname="DataDriven.EXcelDATA" name="readdatafromexcel" time="0.385"/>
  <system-out/>
</testsuite> <!-- DataDriven.EXcelDATA -->
