<?xml version="1.0" encoding="UTF-8"?>
<!-- Generated by org.testng.reporters.JUnitReportReporter -->
<testsuite hostname="LAPTOP-VHSAH8S1" failures="0" tests="1" name="DataDriven.TestData" time="0.470" errors="0" timestamp="2022-08-26T12:32:00 IST" skipped="0">
  <testcase classname="DataDriven.TestData" name="readdatafromexcel" time="0.470"/>
  <system-out/>
</testsuite> <!-- DataDriven.TestData -->
