<?xml version="1.0" encoding="UTF-8"?>
<!-- Generated by org.testng.reporters.JUnitReportReporter -->
<testsuite skipped="0" hostname="LAPTOP-VHSAH8S1" name="pavansir.Flipkart" tests="1" failures="0" timestamp="2022-09-19T15:21:26 IST" time="34.956" errors="0">
  <testcase name="listdata" time="34.956" classname="pavansir.Flipkart"/>
  <system-out/>
</testsuite> <!-- pavansir.Flipkart -->
