<?xml version="1.0" encoding="UTF-8"?>
<!-- Generated by org.testng.reporters.JUnitReportReporter -->
<testsuite skipped="0" hostname="LAPTOP-VHSAH8S1" name="Testyantra.ConditionsMethods" tests="1" failures="0" timestamp="2022-10-03T21:27:18 IST" time="8.340" errors="0">
  <testcase name="conditionTest" time="8.340" classname="Testyantra.ConditionsMethods"/>
  <system-out/>
</testsuite> <!-- Testyantra.ConditionsMethods -->
