<?xml version="1.0" encoding="UTF-8"?>
<!-- Generated by org.testng.reporters.JUnitReportReporter -->
<testsuite hostname="LAPTOP-VHSAH8S1" failures="0" tests="1" name="jdbc.Tittle" time="21.050" errors="0" timestamp="2022-08-26T16:35:07 IST" skipped="0">
  <testcase classname="jdbc.Tittle" name="titletest" time="21.050"/>
  <system-out/>
</testsuite> <!-- jdbc.Tittle -->
