<?xml version="1.0" encoding="UTF-8"?>
<!-- Generated by org.testng.reporters.JUnitReportReporter -->
<testsuite skipped="0" hostname="LAPTOP-VHSAH8S1" name="com.crm.vtiger.Testcases.createorg" tests="2" failures="0" timestamp="2022-09-15T22:56:13 IST" time="24.192" errors="0">
  <testcase name="createorg" time="12.142" classname="com.crm.vtiger.Testcases.createorg"/>
  <system-out/>
  <testcase name="createorgindustry" time="12.050" classname="com.crm.vtiger.Testcases.createorg"/>
  <system-out/>
</testsuite> <!-- com.crm.vtiger.Testcases.createorg -->
