<?xml version="1.0" encoding="UTF-8"?>
<!-- Generated by org.testng.reporters.JUnitReportReporter -->
<testsuite hostname="LAPTOP-VHSAH8S1" failures="0" tests="1" name="pavansir.Amazon" time="23.799" errors="0" timestamp="2022-09-06T12:06:56 IST" skipped="0">
  <testcase classname="pavansir.Amazon" name="amazontest" time="23.799"/>
  <system-out/>
</testsuite> <!-- pavansir.Amazon -->
