<?xml version="1.0" encoding="UTF-8"?>
<!-- Generated by org.testng.reporters.JUnitReportReporter -->
<testsuite hostname="LAPTOP-VHSAH8S1" failures="0" tests="3" name="com.crm.vtiger.Testcases.DataProviderTest" time="0.006" errors="0" timestamp="2022-08-30T16:47:44 IST" skipped="0">
  <testcase classname="com.crm.vtiger.Testcases.DataProviderTest" name="getMultipleData" time="0.001"/>
  <system-out/>
  <testcase classname="com.crm.vtiger.Testcases.DataProviderTest" name="getMultipleData" time="0.005"/>
  <system-out/>
  <testcase classname="com.crm.vtiger.Testcases.DataProviderTest" name="getMultipleData" time="0.000"/>
  <system-out/>
</testsuite> <!-- com.crm.vtiger.Testcases.DataProviderTest -->
