<?xml version="1.0" encoding="UTF-8"?>
<!-- Generated by org.testng.reporters.JUnitReportReporter -->
<testsuite skipped="0" hostname="LAPTOP-VHSAH8S1" name="Testyantra.ScriptMethod2" tests="1" failures="0" timestamp="2022-10-02T23:02:14 IST" time="20.136" errors="0">
  <testcase name="methodTest" time="20.136" classname="Testyantra.ScriptMethod2"/>
  <system-out/>
</testsuite> <!-- Testyantra.ScriptMethod2 -->
