<?xml version="1.0" encoding="UTF-8"?>
<!-- Generated by org.testng.reporters.JUnitReportReporter -->
<testsuite skipped="0" hostname="LAPTOP-VHSAH8S1" name="com.crm.vtiger.Testcases.CreateorgnamewithIndustryTest" tests="1" failures="0" timestamp="2022-09-16T10:44:30 IST" time="19.471" errors="0">
  <testcase name="createorgindustry" time="19.471" classname="com.crm.vtiger.Testcases.CreateorgnamewithIndustryTest"/>
  <system-out/>
</testsuite> <!-- com.crm.vtiger.Testcases.CreateorgnamewithIndustryTest -->
