<?xml version="1.0" encoding="UTF-8"?>
<!-- Generated by org.testng.reporters.JUnitReportReporter -->
<testsuite skipped="0" hostname="LAPTOP-VHSAH8S1" name="pavansir.Practice1" tests="1" failures="0" timestamp="2022-10-14T15:52:17 IST" time="11.699" errors="0">
  <testcase name="t1" time="11.699" classname="pavansir.Practice1"/>
  <system-out/>
</testsuite> <!-- pavansir.Practice1 -->
