<?xml version="1.0" encoding="UTF-8"?>
<!-- Generated by org.testng.reporters.JUnitReportReporter -->
<testsuite hostname="LAPTOP-VHSAH8S1" failures="0" tests="1" name="DataDriven.commondatafromproperties" time="0.008" errors="0" timestamp="2022-08-07T12:11:10 IST" skipped="0">
  <testcase classname="DataDriven.commondatafromproperties" name="reading" time="0.008"/>
  <system-out/>
</testsuite> <!-- DataDriven.commondatafromproperties -->
