<?xml version="1.0" encoding="UTF-8"?>
<!-- Generated by org.testng.reporters.JUnitReportReporter -->
<testsuite hostname="LAPTOP-VHSAH8S1" failures="0" tests="1" name="com.crm.vtiger.Testcases.LeadvalidTestcase1" time="19.071" errors="0" timestamp="2022-09-01T16:37:23 IST" skipped="0">
  <testcase classname="com.crm.vtiger.Testcases.LeadvalidTestcase1" name="leadtest" time="19.071"/>
  <system-out/>
</testsuite> <!-- com.crm.vtiger.Testcases.LeadvalidTestcase1 -->
