<?xml version="1.0" encoding="UTF-8"?>
<!-- Generated by org.testng.reporters.JUnitReportReporter -->
<testsuite skipped="0" hostname="LAPTOP-VHSAH8S1" name="DataDriven.commondatafromCMDTest" tests="1" failures="0" timestamp="2022-09-22T10:22:02 IST" time="0.006" errors="0">
  <testcase name="readdatafromcmdTest" time="0.006" classname="DataDriven.commondatafromCMDTest"/>
  <system-out/>
</testsuite> <!-- DataDriven.commondatafromCMDTest -->
