<?xml version="1.0" encoding="UTF-8"?>
<!-- Generated by org.testng.reporters.JUnitReportReporter -->
<testsuite hostname="LAPTOP-VHSAH8S1" failures="0" tests="1" name="com.crm.vtiger.Testcases.Testcase3" time="23.701" errors="0" timestamp="2022-08-18T15:21:13 IST" skipped="0">
  <testcase classname="com.crm.vtiger.Testcases.Testcase3" name="show" time="23.701"/>
  <system-out/>
</testsuite> <!-- com.crm.vtiger.Testcases.Testcase3 -->
