<?xml version="1.0" encoding="UTF-8"?>
<!-- Generated by org.testng.reporters.JUnitReportReporter -->
<testsuite hostname="LAPTOP-VHSAH8S1" failures="0" tests="1" name="pavansir.Flipkart" time="6.759" errors="0" timestamp="2022-09-06T11:57:02 IST" skipped="0">
  <testcase classname="pavansir.Flipkart" name="listdata" time="6.759"/>
  <system-out/>
</testsuite> <!-- pavansir.Flipkart -->
