<?xml version="1.0" encoding="UTF-8"?>
<!-- Generated by org.testng.reporters.JUnitReportReporter -->
<testsuite hostname="LAPTOP-VHSAH8S1" failures="0" tests="1" name="DataDriven.Readdatafromjson" time="0.016" errors="0" timestamp="2022-08-08T14:56:30 IST" skipped="0">
  <testcase classname="DataDriven.Readdatafromjson" name="readfromjson" time="0.016"/>
  <system-out/>
</testsuite> <!-- DataDriven.Readdatafromjson -->
