<?xml version="1.0" encoding="UTF-8"?>
<!-- Generated by org.testng.reporters.JUnitReportReporter -->
<testsuite hostname="LAPTOP-VHSAH8S1" failures="0" tests="1" name="com.crm.vtiger.Testcases.LeadTestcase" time="20.050" errors="0" timestamp="2022-08-24T20:42:35 IST" skipped="0">
  <testcase classname="com.crm.vtiger.Testcases.LeadTestcase" name="leadinvalid" time="20.050"/>
  <system-out/>
</testsuite> <!-- com.crm.vtiger.Testcases.LeadTestcase -->
